# JRE version: OpenJDK Runtime Environment AdoptOpenJDK (14.0.2+12) (build 14.0.2+12)
# Java VM: OpenJDK 64-Bit Server VM AdoptOpenJDK (14.0.2+12, mixed mode, sharing, tiered, compressed oops, g1 gc, windows-amd64)
Heap:
 garbage-first heap   total 980992K, used 356351K [0x0000000700000000, 0x0000000800000000)
  region size 1024K, 19 young (19456K), 19 survivors (19456K)
 Metaspace       used 18778K, capacity 19512K, committed 30848K, reserved 1075200K
  class space    used 2031K, capacity 2255K, committed 5760K, reserved 1048576K
GC Heap History (20 events):
Event: 22.698 GC heap after
{Heap after GC invocations=33 (full 0):
 garbage-first heap   total 346112K, used 124493K [0x0000000700000000, 0x0000000800000000)
  region size 1024K, 16 young (16384K), 16 survivors (16384K)
 Metaspace       used 24081K, capacity 27887K, committed 28032K, reserved 1073152K
  class space    used 2767K, capacity 5211K, committed 5248K, reserved 1048576K
}
Event: 23.524 GC heap before
{Heap before GC invocations=33 (full 0):
 garbage-first heap   total 346112K, used 292429K [0x0000000700000000, 0x0000000800000000)
  region size 1024K, 180 young (184320K), 16 survivors (16384K)
 Metaspace       used 24517K, capacity 28517K, committed 28800K, reserved 1073152K
  class space    used 2822K, capacity 5416K, committed 5504K, reserved 1048576K
}
Event: 23.540 GC heap after
{Heap after GC invocations=34 (full 0):
 garbage-first heap   total 346112K, used 130178K [0x0000000700000000, 0x0000000800000000)
  region size 1024K, 17 young (17408K), 17 survivors (17408K)
 Metaspace       used 24517K, capacity 28517K, committed 28800K, reserved 1073152K
  class space    used 2822K, capacity 5416K, committed 5504K, reserved 1048576K
}
Event: 24.887 GC heap before
{Heap before GC invocations=34 (full 0):
 garbage-first heap   total 346112K, used 296066K [0x0000000700000000, 0x0000000800000000)
  region size 1024K, 176 young (180224K), 17 survivors (17408K)
 Metaspace       used 26150K, capacity 30250K, committed 30464K, reserved 1075200K
  class space    used 2924K, capacity 5622K, committed 5632K, reserved 1048576K
}
Event: 24.914 GC heap after
{Heap after GC invocations=35 (full 0):
 garbage-first heap   total 415744K, used 146368K [0x0000000700000000, 0x0000000800000000)
  region size 1024K, 22 young (22528K), 22 survivors (22528K)
 Metaspace       used 26150K, capacity 30250K, committed 30464K, reserved 1075200K
  class space    used 2924K, capacity 5622K, committed 5632K, reserved 1048576K
}
Event: 26.842 GC heap before
{Heap before GC invocations=35 (full 0):
 garbage-first heap   total 415744K, used 342976K [0x0000000700000000, 0x0000000800000000)
  region size 1024K, 214 young (219136K), 22 survivors (22528K)
 Metaspace       used 26150K, capacity 30250K, committed 30464K, reserved 1075200K
  class space    used 2924K, capacity 5622K, committed 5632K, reserved 1048576K
}
Event: 26.928 GC heap after
{Heap after GC invocations=36 (full 0):
 garbage-first heap   total 432128K, used 212194K [0x0000000700000000, 0x0000000800000000)
  region size 1024K, 27 young (27648K), 27 survivors (27648K)
 Metaspace       used 26150K, capacity 30250K, committed 30464K, reserved 1075200K
  class space    used 2924K, capacity 5622K, committed 5632K, reserved 1048576K
}
Event: 27.647 GC heap before
{Heap before GC invocations=36 (full 0):
 garbage-first heap   total 432128K, used 333026K [0x0000000700000000, 0x0000000800000000)
  region size 1024K, 145 young (148480K), 27 survivors (27648K)
 Metaspace       used 26399K, capacity 30578K, committed 30848K, reserved 1075200K
  class space    used 2936K, capacity 5664K, committed 5760K, reserved 1048576K
}
Event: 27.718 GC heap after
{Heap after GC invocations=37 (full 0):
 garbage-first heap   total 432128K, used 252415K [0x0000000700000000, 0x0000000800000000)
  region size 1024K, 19 young (19456K), 19 survivors (19456K)
 Metaspace       used 26399K, capacity 30578K, committed 30848K, reserved 1075200K
  class space    used 2936K, capacity 5664K, committed 5760K, reserved 1048576K
}
Event: 28.141 GC heap before
{Heap before GC invocations=37 (full 0):
 garbage-first heap   total 432128K, used 336383K [0x0000000700000000, 0x0000000800000000)
  region size 1024K, 101 young (103424K), 19 survivors (19456K)
 Metaspace       used 26399K, capacity 30578K, committed 30848K, reserved 1075200K
  class space    used 2936K, capacity 5664K, committed 5760K, reserved 1048576K
}
Event: 28.185 GC heap after
{Heap after GC invocations=38 (full 0):
 garbage-first heap   total 432128K, used 282111K [0x0000000700000000, 0x0000000800000000)
  region size 1024K, 13 young (13312K), 13 survivors (13312K)
 Metaspace       used 26399K, capacity 30578K, committed 30848K, reserved 1075200K
  class space    used 2936K, capacity 5664K, committed 5760K, reserved 1048576K
}
Event: 28.655 GC heap before
{Heap before GC invocations=39 (full 0):
 garbage-first heap   total 432128K, used 254463K [0x0000000700000000, 0x0000000800000000)
  region size 1024K, 74 young (75776K), 13 survivors (13312K)
 Metaspace       used 18452K, capacity 19116K, committed 30848K, reserved 1075200K
  class space    used 2007K, capacity 2171K, committed 5760K, reserved 1048576K
}
Event: 28.692 GC heap after
{Heap after GC invocations=40 (full 0):
 garbage-first heap   total 600064K, used 213503K [0x0000000700000000, 0x0000000800000000)
  region size 1024K, 10 young (10240K), 10 survivors (10240K)
 Metaspace       used 18452K, capacity 19116K, committed 30848K, reserved 1075200K
  class space    used 2007K, capacity 2171K, committed 5760K, reserved 1048576K
}
Event: 28.844 GC heap before
{Heap before GC invocations=40 (full 0):
 garbage-first heap   total 600064K, used 232959K [0x0000000700000000, 0x0000000800000000)
  region size 1024K, 29 young (29696K), 10 survivors (10240K)
 Metaspace       used 18452K, capacity 19116K, committed 30848K, reserved 1075200K
  class space    used 2007K, capacity 2171K, committed 5760K, reserved 1048576K
}
Event: 28.944 GC heap after
{Heap after GC invocations=41 (full 0):
 garbage-first heap   total 600064K, used 183807K [0x0000000700000000, 0x0000000800000000)
  region size 1024K, 4 young (4096K), 4 survivors (4096K)
 Metaspace       used 18452K, capacity 19116K, committed 30848K, reserved 1075200K
  class space    used 2007K, capacity 2171K, committed 5760K, reserved 1048576K
}
Event: 30.538 GC heap before
{Heap before GC invocations=41 (full 0):
 garbage-first heap   total 600064K, used 394751K [0x0000000700000000, 0x0000000800000000)
  region size 1024K, 210 young (215040K), 4 survivors (4096K)
 Metaspace       used 18629K, capacity 19316K, committed 30848K, reserved 1075200K
  class space    used 2019K, capacity 2213K, committed 5760K, reserved 1048576K
}
Event: 30.609 GC heap after
{Heap after GC invocations=42 (full 0):
 garbage-first heap   total 600064K, used 252415K [0x0000000700000000, 0x0000000800000000)
  region size 1024K, 27 young (27648K), 27 survivors (27648K)
 Metaspace       used 18629K, capacity 19316K, committed 30848K, reserved 1075200K
  class space    used 2019K, capacity 2213K, committed 5760K, reserved 1048576K
}
Event: 31.482 GC heap before
{Heap before GC invocations=42 (full 0):
 garbage-first heap   total 600064K, used 420351K [0x0000000700000000, 0x0000000800000000)
  region size 1024K, 191 young (195584K), 27 survivors (27648K)
 Metaspace       used 18778K, capacity 19512K, committed 30848K, reserved 1075200K
  class space    used 2031K, capacity 2255K, committed 5760K, reserved 1048576K
}
Event: 31.562 GC heap after
{Heap after GC invocations=43 (full 0):
 garbage-first heap   total 600064K, used 309247K [0x0000000700000000, 0x0000000800000000)
  region size 1024K, 24 young (24576K), 24 survivors (24576K)
 Metaspace       used 18778K, capacity 19512K, committed 30848K, reserved 1075200K
  class space    used 2031K, capacity 2255K, committed 5760K, reserved 1048576K
}
Event: 32.034 GC heap before
{Heap before GC invocations=43 (full 0):
 garbage-first heap   total 600064K, used 440319K [0x0000000700000000, 0x0000000800000000)
  region size 1024K, 152 young (155648K), 24 survivors (24576K)
 Metaspace       used 18778K, capacity 19512K, committed 30848K, reserved 1075200K
  class space    used 2031K, capacity 2255K, committed 5760K, reserved 1048576K
}

