# JRE version: OpenJDK Runtime Environment AdoptOpenJDK (14.0.2+12) (build 14.0.2+12)
# Java VM: OpenJDK 64-Bit Server VM AdoptOpenJDK (14.0.2+12, mixed mode, sharing, tiered, compressed oops, g1 gc, windows-amd64)
Heap:
 garbage-first heap   total 71680K, used 47413K [0x0000000091000000, 0x0000000100000000)
  region size 1024K, 33 young (33792K), 5 survivors (5120K)
 Metaspace       used 26044K, capacity 27088K, committed 27136K, reserved 1079296K
  class space    used 3561K, capacity 3797K, committed 3840K, reserved 1048576K
GC Heap History (12 events):
Event: 0.773 GC heap before
{Heap before GC invocations=0 (full 0):
 garbage-first heap   total 114688K, used 27648K [0x0000000091000000, 0x0000000100000000)
  region size 1024K, 23 young (23552K), 0 survivors (0K)
 Metaspace       used 5822K, capacity 9434K, committed 9728K, reserved 1058816K
  class space    used 552K, capacity 909K, committed 1024K, reserved 1048576K
}
Event: 0.780 GC heap after
{Heap after GC invocations=1 (full 0):
 garbage-first heap   total 114688K, used 6032K [0x0000000091000000, 0x0000000100000000)
  region size 1024K, 3 young (3072K), 3 survivors (3072K)
 Metaspace       used 5822K, capacity 9434K, committed 9728K, reserved 1058816K
  class space    used 552K, capacity 909K, committed 1024K, reserved 1048576K
}
Event: 0.807 GC heap before
{Heap before GC invocations=1 (full 0):
 garbage-first heap   total 114688K, used 7056K [0x0000000091000000, 0x0000000100000000)
  region size 1024K, 5 young (5120K), 3 survivors (3072K)
 Metaspace       used 6000K, capacity 9562K, committed 9728K, reserved 1064960K
  class space    used 564K, capacity 909K, committed 1024K, reserved 1048576K
}
Event: 0.813 GC heap after
{Heap after GC invocations=2 (full 0):
 garbage-first heap   total 114688K, used 6385K [0x0000000091000000, 0x0000000100000000)
  region size 1024K, 1 young (1024K), 1 survivors (1024K)
 Metaspace       used 6000K, capacity 9562K, committed 9728K, reserved 1064960K
  class space    used 564K, capacity 909K, committed 1024K, reserved 1048576K
}
Event: 1.184 GC heap before
{Heap before GC invocations=3 (full 0):
 garbage-first heap   total 27648K, used 21745K [0x0000000091000000, 0x0000000100000000)
  region size 1024K, 16 young (16384K), 1 survivors (1024K)
 Metaspace       used 8768K, capacity 11943K, committed 12032K, reserved 1064960K
  class space    used 926K, capacity 1212K, committed 1280K, reserved 1048576K
}
Event: 1.190 GC heap after
{Heap after GC invocations=4 (full 0):
 garbage-first heap   total 27648K, used 7783K [0x0000000091000000, 0x0000000100000000)
  region size 1024K, 2 young (2048K), 2 survivors (2048K)
 Metaspace       used 8768K, capacity 11943K, committed 12032K, reserved 1064960K
  class space    used 926K, capacity 1212K, committed 1280K, reserved 1048576K
}
Event: 1.592 GC heap before
{Heap before GC invocations=4 (full 0):
 garbage-first heap   total 27648K, used 19047K [0x0000000091000000, 0x0000000100000000)
  region size 1024K, 13 young (13312K), 2 survivors (2048K)
 Metaspace       used 10800K, capacity 13683K, committed 13824K, reserved 1067008K
  class space    used 1149K, capacity 1438K, committed 1536K, reserved 1048576K
}
Event: 1.602 GC heap after
{Heap after GC invocations=5 (full 0):
 garbage-first heap   total 27648K, used 9391K [0x0000000091000000, 0x0000000100000000)
  region size 1024K, 2 young (2048K), 2 survivors (2048K)
 Metaspace       used 10800K, capacity 13683K, committed 13824K, reserved 1067008K
  class space    used 1149K, capacity 1438K, committed 1536K, reserved 1048576K
}
Event: 2.146 GC heap before
{Heap before GC invocations=5 (full 0):
 garbage-first heap   total 27648K, used 19631K [0x0000000091000000, 0x0000000100000000)
  region size 1024K, 12 young (12288K), 2 survivors (2048K)
 Metaspace       used 13796K, capacity 16465K, committed 16512K, reserved 1069056K
  class space    used 1591K, capacity 1873K, committed 1920K, reserved 1048576K
}
Event: 2.153 GC heap after
{Heap after GC invocations=6 (full 0):
 garbage-first heap   total 71680K, used 9984K [0x0000000091000000, 0x0000000100000000)
  region size 1024K, 1 young (1024K), 1 survivors (1024K)
 Metaspace       used 13796K, capacity 16465K, committed 16512K, reserved 1069056K
  class space    used 1591K, capacity 1873K, committed 1920K, reserved 1048576K
}
Event: 2.882 GC heap before
{Heap before GC invocations=6 (full 0):
 garbage-first heap   total 71680K, used 37632K [0x0000000091000000, 0x0000000100000000)
  region size 1024K, 26 young (26624K), 1 survivors (1024K)
 Metaspace       used 20136K, capacity 21456K, committed 21504K, reserved 1073152K
  class space    used 2339K, capacity 2534K, committed 2560K, reserved 1048576K
}
Event: 2.894 GC heap after
{Heap after GC invocations=7 (full 0):
 garbage-first heap   total 71680K, used 19765K [0x0000000091000000, 0x0000000100000000)
  region size 1024K, 5 young (5120K), 5 survivors (5120K)
 Metaspace       used 20136K, capacity 21456K, committed 21504K, reserved 1073152K
  class space    used 2339K, capacity 2534K, committed 2560K, reserved 1048576K
}

