# JRE version: OpenJDK Runtime Environment AdoptOpenJDK (14.0.2+12) (build 14.0.2+12)
# Java VM: OpenJDK 64-Bit Server VM AdoptOpenJDK (14.0.2+12, mixed mode, sharing, tiered, compressed oops, g1 gc, windows-amd64)
Heap:
 garbage-first heap   total 705536K, used 265821K [0x0000000700000000, 0x0000000800000000)
  region size 1024K, 33 young (33792K), 33 survivors (33792K)
 Metaspace       used 27448K, capacity 33482K, committed 33536K, reserved 1077248K
  class space    used 3250K, capacity 6615K, committed 6656K, reserved 1048576K
GC Heap History (20 events):
Event: 40.590 GC heap after
{Heap after GC invocations=90 (full 0):
 garbage-first heap   total 581632K, used 94529K [0x0000000700000000, 0x0000000800000000)
  region size 1024K, 25 young (25600K), 25 survivors (25600K)
 Metaspace       used 23187K, capacity 27351K, committed 27520K, reserved 1071104K
  class space    used 2798K, capacity 5247K, committed 5248K, reserved 1048576K
}
Event: 41.298 GC heap before
{Heap before GC invocations=90 (full 0):
 garbage-first heap   total 581632K, used 417089K [0x0000000700000000, 0x0000000800000000)
  region size 1024K, 340 young (348160K), 25 survivors (25600K)
 Metaspace       used 23352K, capacity 27603K, committed 27904K, reserved 1071104K
  class space    used 2821K, capacity 5329K, committed 5376K, reserved 1048576K
}
Event: 41.313 GC heap after
{Heap after GC invocations=91 (full 0):
 garbage-first heap   total 581632K, used 96265K [0x0000000700000000, 0x0000000800000000)
  region size 1024K, 24 young (24576K), 24 survivors (24576K)
 Metaspace       used 23352K, capacity 27603K, committed 27904K, reserved 1071104K
  class space    used 2821K, capacity 5329K, committed 5376K, reserved 1048576K
}
Event: 41.986 GC heap before
{Heap before GC invocations=91 (full 0):
 garbage-first heap   total 581632K, used 419849K [0x0000000700000000, 0x0000000800000000)
  region size 1024K, 340 young (348160K), 24 survivors (24576K)
 Metaspace       used 23517K, capacity 27855K, committed 28032K, reserved 1071104K
  class space    used 2843K, capacity 5411K, committed 5504K, reserved 1048576K
}
Event: 42.001 GC heap after
{Heap after GC invocations=92 (full 0):
 garbage-first heap   total 581632K, used 99216K [0x0000000700000000, 0x0000000800000000)
  region size 1024K, 25 young (25600K), 25 survivors (25600K)
 Metaspace       used 23517K, capacity 27855K, committed 28032K, reserved 1071104K
  class space    used 2843K, capacity 5411K, committed 5504K, reserved 1048576K
}
Event: 42.595 GC heap before
{Heap before GC invocations=92 (full 0):
 garbage-first heap   total 581632K, used 421776K [0x0000000700000000, 0x0000000800000000)
  region size 1024K, 340 young (348160K), 25 survivors (25600K)
 Metaspace       used 23599K, capacity 27981K, committed 28288K, reserved 1073152K
  class space    used 2854K, capacity 5452K, committed 5504K, reserved 1048576K
}
Event: 42.611 GC heap after
{Heap after GC invocations=93 (full 0):
 garbage-first heap   total 581632K, used 100675K [0x0000000700000000, 0x0000000800000000)
  region size 1024K, 25 young (25600K), 25 survivors (25600K)
 Metaspace       used 23599K, capacity 27981K, committed 28288K, reserved 1073152K
  class space    used 2854K, capacity 5452K, committed 5504K, reserved 1048576K
}
Event: 43.268 GC heap before
{Heap before GC invocations=93 (full 0):
 garbage-first heap   total 581632K, used 423235K [0x0000000700000000, 0x0000000800000000)
  region size 1024K, 340 young (348160K), 25 survivors (25600K)
 Metaspace       used 23765K, capacity 28233K, committed 28416K, reserved 1073152K
  class space    used 2876K, capacity 5534K, committed 5632K, reserved 1048576K
}
Event: 43.284 GC heap after
{Heap after GC invocations=94 (full 0):
 garbage-first heap   total 581632K, used 102787K [0x0000000700000000, 0x0000000800000000)
  region size 1024K, 24 young (24576K), 24 survivors (24576K)
 Metaspace       used 23765K, capacity 28233K, committed 28416K, reserved 1073152K
  class space    used 2876K, capacity 5534K, committed 5632K, reserved 1048576K
}
Event: 43.905 GC heap before
{Heap before GC invocations=94 (full 0):
 garbage-first heap   total 581632K, used 426371K [0x0000000700000000, 0x0000000800000000)
  region size 1024K, 340 young (348160K), 24 survivors (24576K)
 Metaspace       used 23935K, capacity 28488K, committed 28672K, reserved 1073152K
  class space    used 2898K, capacity 5616K, committed 5632K, reserved 1048576K
}
Event: 43.919 GC heap after
{Heap after GC invocations=95 (full 0):
 garbage-first heap   total 581632K, used 104161K [0x0000000700000000, 0x0000000800000000)
  region size 1024K, 24 young (24576K), 24 survivors (24576K)
 Metaspace       used 23935K, capacity 28488K, committed 28672K, reserved 1073152K
  class space    used 2898K, capacity 5616K, committed 5632K, reserved 1048576K
}
Event: 44.511 GC heap before
{Heap before GC invocations=95 (full 0):
 garbage-first heap   total 581632K, used 427745K [0x0000000700000000, 0x0000000800000000)
  region size 1024K, 340 young (348160K), 24 survivors (24576K)
 Metaspace       used 24096K, capacity 28740K, committed 29056K, reserved 1073152K
  class space    used 2920K, capacity 5698K, committed 5760K, reserved 1048576K
}
Event: 44.524 GC heap after
{Heap after GC invocations=96 (full 0):
 garbage-first heap   total 581632K, used 105185K [0x0000000700000000, 0x0000000800000000)
  region size 1024K, 25 young (25600K), 25 survivors (25600K)
 Metaspace       used 24096K, capacity 28740K, committed 29056K, reserved 1073152K
  class space    used 2920K, capacity 5698K, committed 5760K, reserved 1048576K
}
Event: 46.662 GC heap before
{Heap before GC invocations=96 (full 0):
 garbage-first heap   total 581632K, used 427745K [0x0000000700000000, 0x0000000800000000)
  region size 1024K, 340 young (348160K), 25 survivors (25600K)
 Metaspace       used 24961K, capacity 29798K, committed 30080K, reserved 1073152K
  class space    used 3005K, capacity 5893K, committed 6016K, reserved 1048576K
}
Event: 46.692 GC heap after
{Heap after GC invocations=97 (full 0):
 garbage-first heap   total 581632K, used 128068K [0x0000000700000000, 0x0000000800000000)
  region size 1024K, 43 young (44032K), 43 survivors (44032K)
 Metaspace       used 24961K, capacity 29798K, committed 30080K, reserved 1073152K
  class space    used 3005K, capacity 5893K, committed 6016K, reserved 1048576K
}
Event: 49.244 GC heap before
{Heap before GC invocations=97 (full 0):
 garbage-first heap   total 581632K, used 432196K [0x0000000700000000, 0x0000000800000000)
  region size 1024K, 340 young (348160K), 43 survivors (44032K)
 Metaspace       used 26432K, capacity 31859K, committed 31872K, reserved 1075200K
  class space    used 3149K, capacity 6266K, committed 6272K, reserved 1048576K
}
Event: 49.303 GC heap after
{Heap after GC invocations=98 (full 0):
 garbage-first heap   total 581632K, used 179970K [0x0000000700000000, 0x0000000800000000)
  region size 1024K, 43 young (44032K), 43 survivors (44032K)
 Metaspace       used 26432K, capacity 31859K, committed 31872K, reserved 1075200K
  class space    used 3149K, capacity 6266K, committed 6272K, reserved 1048576K
}
Event: 50.972 GC heap before
{Heap before GC invocations=98 (full 0):
 garbage-first heap   total 581632K, used 456450K [0x0000000700000000, 0x0000000800000000)
  region size 1024K, 313 young (320512K), 43 survivors (44032K)
 Metaspace       used 26938K, capacity 32667K, committed 32896K, reserved 1075200K
  class space    used 3199K, capacity 6440K, committed 6528K, reserved 1048576K
}
Event: 51.023 GC heap after
{Heap after GC invocations=99 (full 0):
 garbage-first heap   total 581632K, used 226909K [0x0000000700000000, 0x0000000800000000)
  region size 1024K, 40 young (40960K), 40 survivors (40960K)
 Metaspace       used 26938K, capacity 32667K, committed 32896K, reserved 1075200K
  class space    used 3199K, capacity 6440K, committed 6528K, reserved 1048576K
}
Event: 52.120 GC heap before
{Heap before GC invocations=99 (full 0):
 garbage-first heap   total 581632K, used 453213K [0x0000000700000000, 0x0000000800000000)
  region size 1024K, 261 young (267264K), 40 survivors (40960K)
 Metaspace       used 27448K, capacity 33482K, committed 33536K, reserved 1077248K
  class space    used 3250K, capacity 6615K, committed 6656K, reserved 1048576K
}

